<component name="libraryTable">
  <library name="junit-jupiter-params-5.0.0">
    <CLASSES>
      <root url="jar://C:/apache-maven-3.5.2/junit-jupiter-params-5.0.0.jar!/" />
    </CLASSES>
    <JAVADOC />
    <SOURCES />
  </library>
</component>